<?xml version="1.0" encoding="UTF-8"?>
<testng-results ignored="0" total="2" passed="2" failed="0" skipped="0">
  <reporter-output>
  </reporter-output>
  <suite started-at="2021-09-16T16:22:42 IST" name="Default suite" finished-at="2021-09-16T16:22:42 IST" duration-ms="43">
    <groups>
    </groups>
    <test started-at="2021-09-16T16:22:42 IST" name="Default test" finished-at="2021-09-16T16:22:42 IST" duration-ms="43">
      <class name="ArrayList.ArrayListMethodsUsuage">
        <test-method is-config="true" signature="init()[pri:0, instance:ArrayList.ArrayListMethodsUsuage@4944252c]" started-at="2021-09-16T16:22:42 IST" name="init" finished-at="2021-09-16T16:22:42 IST" duration-ms="6" status="PASS">
          <reporter-output>
          </reporter-output>
        </test-method> <!-- init -->
        <test-method signature="addMethods()[pri:0, instance:ArrayList.ArrayListMethodsUsuage@4944252c]" started-at="2021-09-16T16:22:42 IST" name="addMethods" finished-at="2021-09-16T16:22:42 IST" duration-ms="5" status="PASS">
          <reporter-output>
          </reporter-output>
        </test-method> <!-- addMethods -->
        <test-method signature="arrayCapacity()[pri:0, instance:ArrayList.ArrayListMethodsUsuage@4944252c]" started-at="2021-09-16T16:22:42 IST" name="arrayCapacity" finished-at="2021-09-16T16:22:42 IST" duration-ms="2" status="PASS">
          <reporter-output>
          </reporter-output>
        </test-method> <!-- arrayCapacity -->
      </class> <!-- ArrayList.ArrayListMethodsUsuage -->
    </test> <!-- Default test -->
  </suite> <!-- Default suite -->
</testng-results>
